<?xml version="1.0" encoding="UTF-8"?>
<!-- Generated by org.testng.reporters.JUnitReportReporter -->
<testsuite skipped="0" hostname="HMECL006570" name="com.makemytrip.testcases.HomeTitle" tests="1" failures="0" timestamp="23 Feb 2023 14:26:47 GMT" time="8.697" errors="0">
  <testcase name="getHomageTilte" time="8.697" classname="com.makemytrip.testcases.HomeTitle"/>
</testsuite> <!-- com.makemytrip.testcases.HomeTitle -->
