<?xml version="1.0" encoding="UTF-8"?>
<!-- Generated by org.testng.reporters.JUnitReportReporter -->
<testsuite skipped="0" hostname="HMECL006570" name="com.bronte.ilab.loginTest" tests="1" failures="0" timestamp="15 Jan 2023 15:01:18 GMT" time="5.778" errors="0">
  <testcase name="login" time="5.778" classname="com.bronte.ilab.loginTest"/>
</testsuite> <!-- com.bronte.ilab.loginTest -->
