<?xml version="1.0" encoding="UTF-8"?>
<!-- Generated by org.testng.reporters.JUnitReportReporter -->
<testsuite skipped="0" hostname="HMECL006570" name="com.demo.test.TestDashboardlesson" tests="1" failures="0" timestamp="26 Feb 2023 12:40:29 GMT" time="29.846" errors="0">
  <testcase name="loginTest" time="29.846" classname="com.demo.test.TestDashboardlesson"/>
</testsuite> <!-- com.demo.test.TestDashboardlesson -->
