<?xml version="1.0" encoding="UTF-8"?>
<!-- Generated by org.testng.reporters.JUnitReportReporter -->
<testsuite skipped="0" hostname="HMECL006570" name="com.makemytrip.testcases.HomeModules" tests="1" failures="0" timestamp="29 Jan 2023 11:02:42 GMT" time="15.435" errors="0">
  <testcase name="headerCount" time="15.435" classname="com.makemytrip.testcases.HomeModules"/>
</testsuite> <!-- com.makemytrip.testcases.HomeModules -->
