<?xml version="1.0" encoding="UTF-8"?>
<!-- Generated by org.testng.reporters.JUnitReportReporter -->
<testsuite skipped="0" hostname="HMECL006570" name="com.demo.test.Logintestcase" tests="1" failures="0" timestamp="26 Feb 2023 10:29:14 GMT" time="24.641" errors="0">
  <testcase name="loginTest" time="24.641" classname="com.demo.test.Logintestcase"/>
</testsuite> <!-- com.demo.test.Logintestcase -->
